<?xml version="1.0" encoding="UTF-8"?>
<!-- Generated by org.testng.reporters.JUnitReportReporter -->
<testsuite hostname="IN-2953GK3" failures="0" tests="1" name="com.test.Grocery_Navigate" time="6.546" errors="0" timestamp="2024-02-28T10:34:13 IST" skipped="0">
  <testcase classname="com.test.Grocery_Navigate" name="setBrowserconfig" time="6.546"/>
  <system-out/>
</testsuite> <!-- com.test.Grocery_Navigate -->
