<?xml version="1.0" encoding="UTF-8"?>
<!-- Generated by org.testng.reporters.JUnitReportReporter -->
<testsuite hostname="IN-2953GK3" failures="0" tests="1" name="com.test.CheckRegistered_With_InvalideMobileNumber" time="6.973" errors="0" timestamp="2024-02-28T12:20:45 IST" skipped="0">
  <testcase classname="com.test.CheckRegistered_With_InvalideMobileNumber" name="setBrowserconfig" time="6.973"/>
  <system-out/>
</testsuite> <!-- com.test.CheckRegistered_With_InvalideMobileNumber -->
