<?xml version="1.0" encoding="UTF-8"?>
<!-- Generated by org.testng.reporters.JUnitReportReporter -->
<testsuite hostname="IN-2953GK3" failures="0" tests="1" name="com.test.InvalideLogin" time="8.352" errors="0" timestamp="2024-02-28T10:22:42 IST" skipped="0">
  <testcase classname="com.test.InvalideLogin" name="setBrowserconfig" time="8.352"/>
  <system-out/>
</testsuite> <!-- com.test.InvalideLogin -->
