<?xml version="1.0" encoding="UTF-8"?>
<!-- Generated by org.testng.reporters.JUnitReportReporter -->
<testsuite hostname="IN-2953GK3" failures="0" tests="2" name="com.test.Mobile_Navigate" time="6.722" errors="0" timestamp="2024-03-02T07:53:26 IST" skipped="0">
  <testcase classname="com.test.Mobile_Navigate" name="runTest" time="4.524"/>
  <system-out/>
  <testcase classname="com.test.Mobile_Navigate" name="runTest2" time="2.198"/>
  <system-out/>
</testsuite> <!-- com.test.Mobile_Navigate -->
