<?xml version="1.0" encoding="UTF-8"?>
<!-- Generated by org.testng.reporters.JUnitReportReporter -->
<testsuite hostname="IN-2953GK3" failures="0" tests="1" name="com.test.HeadlessChromeDemo" time="9.561" errors="0" timestamp="2024-03-01T15:07:43 IST" skipped="0">
  <testcase classname="com.test.HeadlessChromeDemo" name="test" time="9.561"/>
  <system-out/>
</testsuite> <!-- com.test.HeadlessChromeDemo -->
