<?xml version="1.0" encoding="UTF-8"?>
<!-- Generated by org.testng.reporters.JUnitReportReporter -->
<testsuite hostname="IN-2953GK3" failures="0" tests="1" name="com.test.CreateAccount" time="6.923" errors="0" timestamp="2024-02-28T10:42:30 IST" skipped="0">
  <testcase classname="com.test.CreateAccount" name="setBrowserconfig" time="6.923"/>
  <system-out/>
</testsuite> <!-- com.test.CreateAccount -->
