<?xml version="1.0" encoding="UTF-8"?>
<!-- Generated by org.testng.reporters.JUnitReportReporter -->
<testsuite hostname="IN-2953GK3" failures="0" tests="1" name="com.test.Appliance_Navigate" time="6.069" errors="0" timestamp="2024-03-01T21:34:31 IST" skipped="0">
  <testcase classname="com.test.Appliance_Navigate" name="setBrowserconfig" time="6.069"/>
  <system-out/>
</testsuite> <!-- com.test.Appliance_Navigate -->
