<?xml version="1.0" encoding="UTF-8"?>
<!-- Generated by org.testng.reporters.JUnitReportReporter -->
<testsuite hostname="IN-2953GK3" failures="0" tests="1" name="com.test.CheckRegistered_With_Empty_MobileNumber" time="7.997" errors="0" timestamp="2024-03-01T16:10:24 IST" skipped="0">
  <testcase classname="com.test.CheckRegistered_With_Empty_MobileNumber" name="setBrowserconfig" time="7.997"/>
  <system-out/>
</testsuite> <!-- com.test.CheckRegistered_With_Empty_MobileNumber -->
