<?xml version="1.0" encoding="UTF-8"?>
<!-- Generated by org.testng.reporters.JUnitReportReporter -->
<testsuite hostname="IN-2953GK3" failures="0" tests="2" name="com.test.First" time="6.566" errors="0" timestamp="2024-03-01T16:37:55 IST" skipped="0">
  <testcase classname="com.test.First" name="runTest" time="2.308"/>
  <system-out/>
  <testcase classname="com.test.First" name="runTest1" time="4.258"/>
  <system-out/>
</testsuite> <!-- com.test.First -->
