<?xml version="1.0" encoding="UTF-8"?>
<!-- Generated by org.testng.reporters.JUnitReportReporter -->
<testsuite hostname="IN-2953GK3" failures="0" tests="1" name="com.test.Nav_to_cart" time="10.323" errors="0" timestamp="2024-03-01T12:19:30 IST" skipped="0">
  <testcase classname="com.test.Nav_to_cart" name="setBrowserconfig" time="10.323"/>
  <system-out/>
</testsuite> <!-- com.test.Nav_to_cart -->
