<?xml version="1.0" encoding="UTF-8"?>
<!-- Generated by org.testng.reporters.JUnitReportReporter -->
<testsuite hostname="IN-2953GK3" failures="0" tests="1" name="com.test.Travel_Navigate" time="12.433" errors="0" timestamp="2024-03-02T07:47:11 IST" skipped="0">
  <testcase classname="com.test.Travel_Navigate" name="setBrowserconfig" time="12.433"/>
  <system-out/>
</testsuite> <!-- com.test.Travel_Navigate -->
