<?xml version="1.0" encoding="UTF-8"?>
<!-- Generated by org.testng.reporters.JUnitReportReporter -->
<testsuite hostname="IN-2953GK3" failures="0" tests="1" name="com.test.First2" time="9.485" errors="0" timestamp="2024-02-29T11:53:37 IST" skipped="0">
  <testcase classname="com.test.First2" name="runTest" time="9.485"/>
  <system-out/>
</testsuite> <!-- com.test.First2 -->
