<?xml version="1.0" encoding="UTF-8"?>
<!-- Generated by org.testng.reporters.JUnitReportReporter -->
<testsuite hostname="IN-2953GK3" failures="0" tests="1" name="com.test.Add_pincode" time="8.472" errors="0" timestamp="2024-03-01T21:33:38 IST" skipped="0">
  <testcase classname="com.test.Add_pincode" name="setBrowserconfig" time="8.472"/>
  <system-out/>
</testsuite> <!-- com.test.Add_pincode -->
