<?xml version="1.0" encoding="UTF-8"?>
<!-- Generated by org.testng.reporters.JUnitReportReporter -->
<testsuite hostname="IN-2953GK3" failures="0" tests="1" name="com.test.Nav_to_Seller" time="7.355" errors="0" timestamp="2024-02-27T19:55:12 IST" skipped="0">
  <testcase classname="com.test.Nav_to_Seller" name="setBrowserconfig" time="7.355"/>
  <system-out/>
</testsuite> <!-- com.test.Nav_to_Seller -->
